<?xml version="1.0" encoding="UTF-8"?>
<testng-results skipped="0" failed="1" ignored="0" total="1" passed="0">
  <reporter-output>
  </reporter-output>
  <suite name="Default suite" duration-ms="13705" started-at="2021-07-25T12:32:05 IST" finished-at="2021-07-25T12:32:19 IST">
    <groups>
    </groups>
    <test name="Default test" duration-ms="13705" started-at="2021-07-25T12:32:05 IST" finished-at="2021-07-25T12:32:19 IST">
      <class name="com.makemytrip.testcases.Searchflighttestcase">
        <test-method status="PASS" signature="setup()[pri:0, instance:com.makemytrip.testcases.Searchflighttestcase@4493d195]" name="setup" is-config="true" duration-ms="11979" started-at="2021-07-25T12:32:05 IST" finished-at="2021-07-25T12:32:17 IST">
          <reporter-output>
          </reporter-output>
        </test-method> <!-- setup -->
        <test-method status="FAIL" signature="searchflight()[pri:0, instance:com.makemytrip.testcases.Searchflighttestcase@4493d195]" name="searchflight" duration-ms="322" started-at="2021-07-25T12:32:17 IST" finished-at="2021-07-25T12:32:17 IST">
          <exception class="java.lang.AssertionError">
            <message>
              <![CDATA[multicityradiobutton did not clicked expected [true] but found [false]]]>
            </message>
            <full-stacktrace>
              <![CDATA[java.lang.AssertionError: multicityradiobutton did not clicked expected [true] but found [false]
at org.testng.Assert.fail(Assert.java:99)
at org.testng.Assert.failNotEquals(Assert.java:1037)
at org.testng.Assert.assertTrue(Assert.java:45)
at com.makemytrip.testcases.Searchflighttestcase.searchflight(Searchflighttestcase.java:44)
at sun.reflect.NativeMethodAccessorImpl.invoke0(Native Method)
at sun.reflect.NativeMethodAccessorImpl.invoke(NativeMethodAccessorImpl.java:62)
at sun.reflect.DelegatingMethodAccessorImpl.invoke(DelegatingMethodAccessorImpl.java:43)
at java.lang.reflect.Method.invoke(Method.java:498)
at org.testng.internal.MethodInvocationHelper.invokeMethod(MethodInvocationHelper.java:133)
at org.testng.internal.TestInvoker.invokeMethod(TestInvoker.java:598)
at org.testng.internal.TestInvoker.invokeTestMethod(TestInvoker.java:173)
at org.testng.internal.MethodRunner.runInSequence(MethodRunner.java:46)
at org.testng.internal.TestInvoker$MethodInvocationAgent.invoke(TestInvoker.java:824)
at org.testng.internal.TestInvoker.invokeTestMethods(TestInvoker.java:146)
at org.testng.internal.TestMethodWorker.invokeTestMethods(TestMethodWorker.java:146)
at org.testng.internal.TestMethodWorker.run(TestMethodWorker.java:128)
at java.util.ArrayList.forEach(ArrayList.java:1259)
at org.testng.TestRunner.privateRun(TestRunner.java:794)
at org.testng.TestRunner.run(TestRunner.java:596)
at org.testng.SuiteRunner.runTest(SuiteRunner.java:377)
at org.testng.SuiteRunner.runSequentially(SuiteRunner.java:371)
at org.testng.SuiteRunner.privateRun(SuiteRunner.java:332)
at org.testng.SuiteRunner.run(SuiteRunner.java:276)
at org.testng.SuiteRunnerWorker.runSuite(SuiteRunnerWorker.java:53)
at org.testng.SuiteRunnerWorker.run(SuiteRunnerWorker.java:96)
at org.testng.TestNG.runSuitesSequentially(TestNG.java:1212)
at org.testng.TestNG.runSuitesLocally(TestNG.java:1134)
at org.testng.TestNG.runSuites(TestNG.java:1063)
at org.testng.TestNG.run(TestNG.java:1031)
at org.testng.remote.AbstractRemoteTestNG.run(AbstractRemoteTestNG.java:115)
at org.testng.remote.RemoteTestNG.initAndRun(RemoteTestNG.java:251)
at org.testng.remote.RemoteTestNG.main(RemoteTestNG.java:77)
]]>
            </full-stacktrace>
          </exception> <!-- java.lang.AssertionError -->
          <reporter-output>
          </reporter-output>
        </test-method> <!-- searchflight -->
        <test-method status="PASS" signature="tearDown(org.testng.ITestResult)[pri:0, instance:com.makemytrip.testcases.Searchflighttestcase@4493d195]" name="tearDown" is-config="true" duration-ms="1337" started-at="2021-07-25T12:32:18 IST" finished-at="2021-07-25T12:32:19 IST">
          <params>
            <param index="0">
              <value>
                <![CDATA[[TestResult name=searchflight status=FAILURE method=Searchflighttestcase.searchflight()[pri:0, instance:com.makemytrip.testcases.Searchflighttestcase@4493d195] output={null}]]]>
              </value>
            </param>
          </params>
          <reporter-output>
          </reporter-output>
        </test-method> <!-- tearDown -->
      </class> <!-- com.makemytrip.testcases.Searchflighttestcase -->
    </test> <!-- Default test -->
  </suite> <!-- Default suite -->
</testng-results>
